<?xml version="1.0" encoding="UTF-8"?>
<!-- Generated by org.testng.reporters.JUnitReportReporter -->
<testsuite skipped="0" hostname="DESKTOP-KARC46D" name="Demo.Insomnia1.AppTest" tests="2" failures="0" timestamp="06 Oct 2017 11:17:28 GMT" time="23.443" errors="0">
  <testcase name="Testsuite" time="10.121" classname="Demo.Insomnia1.AppTest"/>
  <testcase name="testApp" time="13.322" classname="Demo.Insomnia1.AppTest"/>
</testsuite> <!-- Demo.Insomnia1.AppTest -->
