<?xml version="1.0" encoding="UTF-8"?>
<!-- Generated by org.testng.reporters.JUnitReportReporter -->
<testsuite skipped="0" hostname="DESKTOP-KARC46D" name="Demo.Insomnia1.AppTest" tests="2" failures="0" timestamp="06 Oct 2017 08:34:16 GMT" time="0.007" errors="0">
  <testcase name="Testsuite" time="0.007" classname="Demo.Insomnia1.AppTest"/>
  <testcase name="testApp" time="0.000" classname="Demo.Insomnia1.AppTest"/>
</testsuite> <!-- Demo.Insomnia1.AppTest -->
